<?xml version="1.0" encoding="utf-8"?>
<!DOCTYPE coverage SYSTEM "http://cobertura.sourceforge.net/xml/coverage-04.dtd">
<coverage line-rate="0.997167138810198" branch-rate="1" lines-covered="352" lines-valid="353" branches-covered="50" branches-valid="50" complexity="96" version="0" timestamp="1668532342">
  <sources>
    <source>F:\KPI\5 семестр\.net\Labs1_2\</source>
    <source>C:\</source>
  </sources>
  <packages>
    <package name="Queue" line-rate="1" branch-rate="1" complexity="60">
      <classes>
        <class name="Queue.Queue`1" filename="F:\KPI\5 семестр\.net\Labs1_2\Queue\Queue.cs" line-rate="1" branch-rate="1" complexity="54">
          <methods>
            <method name="OnEnqueue" signature="(...)" line-rate="1" branch-rate="1" complexity="1">
              <lines>
                <line number="55" hits="77" branch="false" />
                <line number="56" hits="77" branch="false" />
                <line number="57" hits="77" branch="false" />
              </lines>
            </method>
            <method name="OnDequeue" signature="(...)" line-rate="1" branch-rate="1" complexity="1">
              <lines>
                <line number="60" hits="3" branch="false" />
                <line number="61" hits="3" branch="false" />
                <line number="62" hits="3" branch="false" />
              </lines>
            </method>
            <method name="OnClear" signature="()" line-rate="1" branch-rate="1" complexity="1">
              <lines>
                <line number="65" hits="2" branch="false" />
                <line number="66" hits="2" branch="false" />
                <line number="67" hits="2" branch="false" />
              </lines>
            </method>
            <method name="get_Count" signature="()" line-rate="1" branch-rate="1" complexity="1">
              <lines>
                <line number="71" hits="5" branch="false" />
              </lines>
            </method>
            <method name="get_IsSynchronized" signature="()" line-rate="1" branch-rate="1" complexity="1">
              <lines>
                <line number="73" hits="1" branch="false" />
              </lines>
            </method>
            <method name="get_SyncRoot" signature="()" line-rate="1" branch-rate="1" complexity="1">
              <lines>
                <line number="78" hits="2" branch="false" />
                <line number="79" hits="2" branch="false" />
                <line number="80" hits="2" branch="false" />
                <line number="81" hits="2" branch="false" />
              </lines>
            </method>
            <method name="CopyTo" signature="(...)" line-rate="1" branch-rate="1" complexity="10">
              <lines>
                <line number="85" hits="5" branch="false" />
                <line number="86" hits="6" branch="true" condition-coverage="100% (2/2)" />
                <line number="87" hits="5" branch="true" condition-coverage="100% (2/2)" />
                <line number="88" hits="4" branch="true" condition-coverage="100% (2/2)" />
                <line number="89" hits="3" branch="true" condition-coverage="100% (2/2)" />
                <line number="91" hits="1" branch="false" />
                <line number="92" hits="5" branch="true" condition-coverage="100% (2/2)" />
                <line number="93" hits="4" branch="false" />
                <line number="94" hits="4" branch="false" />
                <line number="95" hits="4" branch="false" />
                <line number="96" hits="4" branch="false" />
                <line number="97" hits="1" branch="false" />
              </lines>
            </method>
            <method name="System.Collections.IEnumerable.GetEnumerator" signature="()" line-rate="1" branch-rate="1" complexity="1">
              <lines>
                <line number="111" hits="1" branch="false" />
                <line number="112" hits="1" branch="false" />
                <line number="113" hits="1" branch="false" />
              </lines>
            </method>
            <method name="Enqueue" signature="(...)" line-rate="1" branch-rate="1" complexity="2">
              <lines>
                <line number="118" hits="69" branch="false" />
                <line number="119" hits="69" branch="false" />
                <line number="120" hits="69" branch="false" />
                <line number="121" hits="69" branch="false" />
                <line number="122" hits="69" branch="true" condition-coverage="100% (2/2)" />
                <line number="123" hits="20" branch="false" />
                <line number="125" hits="49" branch="false" />
                <line number="126" hits="69" branch="false" />
                <line number="127" hits="69" branch="false" />
                <line number="128" hits="69" branch="false" />
              </lines>
            </method>
            <method name="Enqueue" signature="(...)" line-rate="1" branch-rate="1" complexity="4">
              <lines>
                <line number="130" hits="9" branch="false" />
                <line number="131" hits="10" branch="true" condition-coverage="100% (2/2)" />
                <line number="132" hits="8" branch="false" />
                <line number="133" hits="8" branch="false" />
                <line number="134" hits="8" branch="true" condition-coverage="100% (2/2)" />
                <line number="135" hits="4" branch="false" />
                <line number="137" hits="4" branch="false" />
                <line number="138" hits="8" branch="false" />
                <line number="139" hits="8" branch="false" />
                <line number="140" hits="8" branch="false" />
              </lines>
            </method>
            <method name="Dequeue" signature="()" line-rate="1" branch-rate="1" complexity="2">
              <lines>
                <line number="142" hits="4" branch="false" />
                <line number="143" hits="4" branch="true" condition-coverage="100% (2/2)" />
                <line number="144" hits="1" branch="false" />
                <line number="145" hits="3" branch="false" />
                <line number="146" hits="3" branch="false" />
                <line number="147" hits="3" branch="false" />
                <line number="148" hits="3" branch="false" />
                <line number="149" hits="3" branch="false" />
                <line number="150" hits="3" branch="false" />
              </lines>
            </method>
            <method name="Peek" signature="()" line-rate="1" branch-rate="1" complexity="2">
              <lines>
                <line number="152" hits="6" branch="false" />
                <line number="153" hits="6" branch="true" condition-coverage="100% (2/2)" />
                <line number="154" hits="1" branch="false" />
                <line number="155" hits="5" branch="false" />
                <line number="156" hits="5" branch="false" />
              </lines>
            </method>
            <method name="Clear" signature="()" line-rate="1" branch-rate="1" complexity="1">
              <lines>
                <line number="159" hits="2" branch="false" />
                <line number="160" hits="2" branch="false" />
                <line number="161" hits="2" branch="false" />
                <line number="162" hits="2" branch="false" />
                <line number="163" hits="2" branch="false" />
                <line number="164" hits="2" branch="false" />
              </lines>
            </method>
            <method name="Contains" signature="(...)" line-rate="1" branch-rate="1" complexity="6">
              <lines>
                <line number="166" hits="3" branch="false" />
                <line number="167" hits="4" branch="true" condition-coverage="100% (2/2)" />
                <line number="168" hits="19" branch="true" condition-coverage="100% (2/2)" />
                <line number="169" hits="7" branch="false" />
                <line number="170" hits="8" branch="true" condition-coverage="100% (2/2)" />
                <line number="171" hits="6" branch="false" />
                <line number="172" hits="1" branch="false" />
                <line number="173" hits="2" branch="false" />
              </lines>
            </method>
            <method name=".ctor" signature="()" line-rate="1" branch-rate="1" complexity="6">
              <lines>
                <line number="18" hits="20" branch="false" />
                <line number="19" hits="10" branch="false" />
                <line number="20" hits="10" branch="false" />
                <line number="21" hits="10" branch="false" />
                <line number="22" hits="10" branch="false" />
                <line number="23" hits="16" branch="false" />
                <line number="24" hits="16" branch="false" />
                <line number="25" hits="173" branch="true" condition-coverage="100% (2/2)" />
                <line number="26" hits="63" branch="false" />
                <line number="27" hits="64" branch="true" condition-coverage="100% (2/2)" />
                <line number="28" hits="62" branch="false" />
                <line number="29" hits="62" branch="false" />
                <line number="30" hits="15" branch="false" />
                <line number="31" hits="2" branch="false" />
                <line number="32" hits="2" branch="false" />
                <line number="33" hits="19" branch="true" condition-coverage="100% (2/2)" />
                <line number="34" hits="7" branch="false" />
                <line number="35" hits="8" branch="true" condition-coverage="100% (2/2)" />
                <line number="36" hits="6" branch="false" />
                <line number="37" hits="6" branch="false" />
                <line number="38" hits="1" branch="false" />
                <line number="39" hits="2" branch="false" />
                <line number="40" hits="2" branch="false" />
                <line number="41" hits="17" branch="true" condition-coverage="100% (2/2)" />
                <line number="42" hits="6" branch="false" />
                <line number="43" hits="7" branch="true" condition-coverage="100% (2/2)" />
                <line number="44" hits="5" branch="false" />
                <line number="45" hits="5" branch="false" />
                <line number="46" hits="1" branch="false" />
                <line number="50" hits="184" branch="true" condition-coverage="100% (2/2)" />
                <line number="51" hits="36" branch="true" condition-coverage="100% (2/2)" />
                <line number="52" hits="34" branch="true" condition-coverage="100% (2/2)" />
              </lines>
            </method>
            <method name=".ctor" signature="(...)" line-rate="1" branch-rate="1" complexity="4">
              <lines>
                <line number="23" hits="16" branch="false" />
                <line number="24" hits="16" branch="false" />
                <line number="25" hits="173" branch="true" condition-coverage="100% (2/2)" />
                <line number="26" hits="63" branch="false" />
                <line number="27" hits="64" branch="true" condition-coverage="100% (2/2)" />
                <line number="28" hits="62" branch="false" />
                <line number="29" hits="62" branch="false" />
                <line number="30" hits="15" branch="false" />
              </lines>
            </method>
            <method name=".ctor" signature="(...)" line-rate="1" branch-rate="1" complexity="4">
              <lines>
                <line number="31" hits="2" branch="false" />
                <line number="32" hits="2" branch="false" />
                <line number="33" hits="19" branch="true" condition-coverage="100% (2/2)" />
                <line number="34" hits="7" branch="false" />
                <line number="35" hits="8" branch="true" condition-coverage="100% (2/2)" />
                <line number="36" hits="6" branch="false" />
                <line number="37" hits="6" branch="false" />
                <line number="38" hits="1" branch="false" />
              </lines>
            </method>
            <method name=".ctor" signature="(...)" line-rate="1" branch-rate="1" complexity="4">
              <lines>
                <line number="39" hits="2" branch="false" />
                <line number="40" hits="2" branch="false" />
                <line number="41" hits="17" branch="true" condition-coverage="100% (2/2)" />
                <line number="42" hits="6" branch="false" />
                <line number="43" hits="7" branch="true" condition-coverage="100% (2/2)" />
                <line number="44" hits="5" branch="false" />
                <line number="45" hits="5" branch="false" />
                <line number="46" hits="1" branch="false" />
              </lines>
            </method>
            <method name="GetEnumerator" signature="()" line-rate="1" branch-rate="1" complexity="2">
              <lines>
                <line number="102" hits="4" branch="false" />
                <line number="103" hits="4" branch="false" />
                <line number="104" hits="18" branch="true" condition-coverage="100% (2/2)" />
                <line number="105" hits="15" branch="false" />
                <line number="106" hits="15" branch="false" />
                <line number="107" hits="14" branch="false" />
                <line number="108" hits="14" branch="false" />
                <line number="109" hits="3" branch="false" />
              </lines>
            </method>
          </methods>
          <lines>
            <line number="18" hits="20" branch="false" />
            <line number="19" hits="10" branch="false" />
            <line number="20" hits="10" branch="false" />
            <line number="21" hits="10" branch="false" />
            <line number="22" hits="10" branch="false" />
            <line number="23" hits="16" branch="false" />
            <line number="24" hits="16" branch="false" />
            <line number="25" hits="173" branch="true" condition-coverage="100% (2/2)" />
            <line number="26" hits="63" branch="false" />
            <line number="27" hits="64" branch="true" condition-coverage="100% (2/2)" />
            <line number="28" hits="62" branch="false" />
            <line number="29" hits="62" branch="false" />
            <line number="30" hits="15" branch="false" />
            <line number="31" hits="2" branch="false" />
            <line number="32" hits="2" branch="false" />
            <line number="33" hits="19" branch="true" condition-coverage="100% (2/2)" />
            <line number="34" hits="7" branch="false" />
            <line number="35" hits="8" branch="true" condition-coverage="100% (2/2)" />
            <line number="36" hits="6" branch="false" />
            <line number="37" hits="6" branch="false" />
            <line number="38" hits="1" branch="false" />
            <line number="39" hits="2" branch="false" />
            <line number="40" hits="2" branch="false" />
            <line number="41" hits="17" branch="true" condition-coverage="100% (2/2)" />
            <line number="42" hits="6" branch="false" />
            <line number="43" hits="7" branch="true" condition-coverage="100% (2/2)" />
            <line number="44" hits="5" branch="false" />
            <line number="45" hits="5" branch="false" />
            <line number="46" hits="1" branch="false" />
            <line number="50" hits="184" branch="true" condition-coverage="100% (2/2)" />
            <line number="51" hits="36" branch="true" condition-coverage="100% (2/2)" />
            <line number="52" hits="34" branch="true" condition-coverage="100% (2/2)" />
            <line number="55" hits="77" branch="false" />
            <line number="56" hits="77" branch="false" />
            <line number="57" hits="77" branch="false" />
            <line number="60" hits="3" branch="false" />
            <line number="61" hits="3" branch="false" />
            <line number="62" hits="3" branch="false" />
            <line number="65" hits="2" branch="false" />
            <line number="66" hits="2" branch="false" />
            <line number="67" hits="2" branch="false" />
            <line number="71" hits="5" branch="false" />
            <line number="73" hits="1" branch="false" />
            <line number="78" hits="2" branch="false" />
            <line number="79" hits="2" branch="false" />
            <line number="80" hits="2" branch="false" />
            <line number="81" hits="2" branch="false" />
            <line number="85" hits="5" branch="false" />
            <line number="86" hits="6" branch="true" condition-coverage="100% (2/2)" />
            <line number="87" hits="5" branch="true" condition-coverage="100% (2/2)" />
            <line number="88" hits="4" branch="true" condition-coverage="100% (2/2)" />
            <line number="89" hits="3" branch="true" condition-coverage="100% (2/2)" />
            <line number="91" hits="1" branch="false" />
            <line number="92" hits="5" branch="true" condition-coverage="100% (2/2)" />
            <line number="93" hits="4" branch="false" />
            <line number="94" hits="4" branch="false" />
            <line number="95" hits="4" branch="false" />
            <line number="96" hits="4" branch="false" />
            <line number="97" hits="1" branch="false" />
            <line number="102" hits="4" branch="false" />
            <line number="103" hits="4" branch="false" />
            <line number="104" hits="18" branch="true" condition-coverage="100% (2/2)" />
            <line number="105" hits="15" branch="false" />
            <line number="106" hits="15" branch="false" />
            <line number="107" hits="14" branch="false" />
            <line number="108" hits="14" branch="false" />
            <line number="109" hits="3" branch="false" />
            <line number="111" hits="1" branch="false" />
            <line number="112" hits="1" branch="false" />
            <line number="113" hits="1" branch="false" />
            <line number="118" hits="69" branch="false" />
            <line number="119" hits="69" branch="false" />
            <line number="120" hits="69" branch="false" />
            <line number="121" hits="69" branch="false" />
            <line number="122" hits="69" branch="true" condition-coverage="100% (2/2)" />
            <line number="123" hits="20" branch="false" />
            <line number="125" hits="49" branch="false" />
            <line number="126" hits="69" branch="false" />
            <line number="127" hits="69" branch="false" />
            <line number="128" hits="69" branch="false" />
            <line number="130" hits="9" branch="false" />
            <line number="131" hits="10" branch="true" condition-coverage="100% (2/2)" />
            <line number="132" hits="8" branch="false" />
            <line number="133" hits="8" branch="false" />
            <line number="134" hits="8" branch="true" condition-coverage="100% (2/2)" />
            <line number="135" hits="4" branch="false" />
            <line number="137" hits="4" branch="false" />
            <line number="138" hits="8" branch="false" />
            <line number="139" hits="8" branch="false" />
            <line number="140" hits="8" branch="false" />
            <line number="142" hits="4" branch="false" />
            <line number="143" hits="4" branch="true" condition-coverage="100% (2/2)" />
            <line number="144" hits="1" branch="false" />
            <line number="145" hits="3" branch="false" />
            <line number="146" hits="3" branch="false" />
            <line number="147" hits="3" branch="false" />
            <line number="148" hits="3" branch="false" />
            <line number="149" hits="3" branch="false" />
            <line number="150" hits="3" branch="false" />
            <line number="152" hits="6" branch="false" />
            <line number="153" hits="6" branch="true" condition-coverage="100% (2/2)" />
            <line number="154" hits="1" branch="false" />
            <line number="155" hits="5" branch="false" />
            <line number="156" hits="5" branch="false" />
            <line number="159" hits="2" branch="false" />
            <line number="160" hits="2" branch="false" />
            <line number="161" hits="2" branch="false" />
            <line number="162" hits="2" branch="false" />
            <line number="163" hits="2" branch="false" />
            <line number="164" hits="2" branch="false" />
            <line number="166" hits="3" branch="false" />
            <line number="167" hits="4" branch="true" condition-coverage="100% (2/2)" />
            <line number="168" hits="19" branch="true" condition-coverage="100% (2/2)" />
            <line number="169" hits="7" branch="false" />
            <line number="170" hits="8" branch="true" condition-coverage="100% (2/2)" />
            <line number="171" hits="6" branch="false" />
            <line number="172" hits="1" branch="false" />
            <line number="173" hits="2" branch="false" />
          </lines>
        </class>
        <class name="Queue.QueueNode`1" filename="F:\KPI\5 семестр\.net\Labs1_2\Queue\QueueNode.cs" line-rate="1" branch-rate="1" complexity="6">
          <methods>
            <method name="get_Value" signature="()" line-rate="1" branch-rate="1" complexity="1">
              <lines>
                <line number="7" hits="116" branch="false" />
              </lines>
            </method>
            <method name="get_Next" signature="()" line-rate="1" branch-rate="1" complexity="1">
              <lines>
                <line number="8" hits="75" branch="false" />
              </lines>
            </method>
            <method name="get_Previous" signature="()" line-rate="1" branch-rate="1" complexity="1">
              <lines>
                <line number="9" hits="2" branch="false" />
              </lines>
            </method>
            <method name="ToString" signature="()" line-rate="1" branch-rate="1" complexity="1">
              <lines>
                <line number="16" hits="1" branch="false" />
                <line number="17" hits="1" branch="false" />
                <line number="18" hits="1" branch="false" />
              </lines>
            </method>
            <method name="GetHashCode" signature="()" line-rate="1" branch-rate="1" complexity="1">
              <lines>
                <line number="20" hits="1" branch="false" />
                <line number="21" hits="1" branch="false" />
                <line number="22" hits="1" branch="false" />
              </lines>
            </method>
            <method name=".ctor" signature="(...)" line-rate="1" branch-rate="1" complexity="1">
              <lines>
                <line number="11" hits="85" branch="false" />
                <line number="12" hits="85" branch="false" />
                <line number="13" hits="85" branch="false" />
                <line number="14" hits="85" branch="false" />
              </lines>
            </method>
          </methods>
          <lines>
            <line number="7" hits="116" branch="false" />
            <line number="8" hits="75" branch="false" />
            <line number="9" hits="2" branch="false" />
            <line number="11" hits="85" branch="false" />
            <line number="12" hits="85" branch="false" />
            <line number="13" hits="85" branch="false" />
            <line number="14" hits="85" branch="false" />
            <line number="16" hits="1" branch="false" />
            <line number="17" hits="1" branch="false" />
            <line number="18" hits="1" branch="false" />
            <line number="20" hits="1" branch="false" />
            <line number="21" hits="1" branch="false" />
            <line number="22" hits="1" branch="false" />
          </lines>
        </class>
      </classes>
    </package>
    <package name="QueueTests" line-rate="0.995495495495496" branch-rate="1" complexity="36">
      <classes>
        <class name="AutoGeneratedProgram" filename="C:\Users\Oleksandr Tkach\.nuget\packages\microsoft.net.test.sdk\16.11.0\build\netcoreapp2.1\Microsoft.NET.Test.Sdk.Program.cs" line-rate="0" branch-rate="1" complexity="1">
          <methods>
            <method name="Main" signature="(...)" line-rate="0" branch-rate="1" complexity="1">
              <lines>
                <line number="4" hits="0" branch="false" />
              </lines>
            </method>
          </methods>
          <lines>
            <line number="4" hits="0" branch="false" />
          </lines>
        </class>
        <class name="QueueTests.Tests" filename="F:\KPI\5 семестр\.net\Labs1_2\QueueTests\UnitTest1.cs" line-rate="1" branch-rate="1" complexity="35">
          <methods>
            <method name="Constructor_WithElementsButOneElementNull_ArgumentNullException" signature="()" line-rate="1" branch-rate="1" complexity="1">
              <lines>
                <line number="18" hits="1" branch="false" />
                <line number="19" hits="2" branch="false" />
                <line number="21" hits="1" branch="false" />
                <line number="22" hits="1" branch="false" />
              </lines>
            </method>
            <method name="Constructor_WithNodes" signature="()" line-rate="1" branch-rate="1" complexity="1">
              <lines>
                <line number="26" hits="1" branch="false" />
                <line number="27" hits="1" branch="false" />
                <line number="28" hits="1" branch="false" />
                <line number="29" hits="1" branch="false" />
                <line number="30" hits="1" branch="false" />
                <line number="32" hits="1" branch="false" />
                <line number="33" hits="1" branch="false" />
              </lines>
            </method>
            <method name="Constructor_WithNodesButOneElementNull_ArgumentNullException" signature="()" line-rate="1" branch-rate="1" complexity="1">
              <lines>
                <line number="37" hits="1" branch="false" />
                <line number="38" hits="1" branch="false" />
                <line number="39" hits="1" branch="false" />
                <line number="40" hits="1" branch="false" />
                <line number="42" hits="2" branch="false" />
                <line number="44" hits="1" branch="false" />
                <line number="45" hits="1" branch="false" />
              </lines>
            </method>
            <method name="Constructor_WithIEnumarableCollection" signature="()" line-rate="1" branch-rate="1" complexity="1">
              <lines>
                <line number="49" hits="1" branch="false" />
                <line number="50" hits="1" branch="false" />
                <line number="51" hits="1" branch="false" />
                <line number="52" hits="1" branch="false" />
                <line number="53" hits="1" branch="false" />
                <line number="55" hits="1" branch="false" />
                <line number="56" hits="1" branch="false" />
              </lines>
            </method>
            <method name="Constructor_WithIEnumarableCollectionButOneElementNull_ArgumentNullException" signature="()" line-rate="1" branch-rate="1" complexity="1">
              <lines>
                <line number="60" hits="1" branch="false" />
                <line number="61" hits="1" branch="false" />
                <line number="62" hits="1" branch="false" />
                <line number="63" hits="1" branch="false" />
                <line number="64" hits="1" branch="false" />
                <line number="66" hits="2" branch="false" />
                <line number="68" hits="1" branch="false" />
                <line number="69" hits="1" branch="false" />
              </lines>
            </method>
            <method name="EventEnqueue_AddElementToCollectionAndMonitorEventIsRaisedAndArgCorrect_EventISRaisedArgCorrect" signature="()" line-rate="1" branch-rate="1" complexity="1">
              <lines>
                <line number="73" hits="1" branch="false" />
                <line number="74" hits="1" branch="false" />
                <line number="75" hits="1" branch="false" />
                <line number="76" hits="1" branch="false" />
                <line number="78" hits="1" branch="false" />
                <line number="80" hits="1" branch="false" />
                <line number="81" hits="1" branch="false" />
                <line number="82" hits="1" branch="false" />
                <line number="83" hits="2" branch="false" />
              </lines>
            </method>
            <method name="EventDequeue_RemoveElementFromCollectionAndMonitorEventIsRaisedAndArgCorrect_EventISRaisedArgCorrect" signature="()" line-rate="1" branch-rate="1" complexity="1">
              <lines>
                <line number="87" hits="1" branch="false" />
                <line number="88" hits="1" branch="false" />
                <line number="89" hits="1" branch="false" />
                <line number="90" hits="1" branch="false" />
                <line number="92" hits="1" branch="false" />
                <line number="94" hits="1" branch="false" />
                <line number="95" hits="1" branch="false" />
                <line number="96" hits="1" branch="false" />
                <line number="97" hits="2" branch="false" />
              </lines>
            </method>
            <method name="EventClear_ClearCollectionAndCheckClearEventIsRaised_EventClearIsRaised" signature="()" line-rate="1" branch-rate="1" complexity="1">
              <lines>
                <line number="101" hits="1" branch="false" />
                <line number="102" hits="1" branch="false" />
                <line number="103" hits="1" branch="false" />
                <line number="105" hits="1" branch="false" />
                <line number="107" hits="1" branch="false" />
                <line number="108" hits="2" branch="false" />
              </lines>
            </method>
            <method name="IsSynchronized_ReturnsFalse" signature="()" line-rate="1" branch-rate="1" complexity="1">
              <lines>
                <line number="112" hits="1" branch="false" />
                <line number="113" hits="1" branch="false" />
                <line number="115" hits="1" branch="false" />
                <line number="117" hits="1" branch="false" />
                <line number="118" hits="1" branch="false" />
              </lines>
            </method>
            <method name="SyncRoot_ReturnsObjectWhichIsSame" signature="()" line-rate="1" branch-rate="1" complexity="1">
              <lines>
                <line number="122" hits="1" branch="false" />
                <line number="123" hits="1" branch="false" />
                <line number="124" hits="1" branch="false" />
                <line number="126" hits="1" branch="false" />
                <line number="128" hits="1" branch="false" />
                <line number="129" hits="1" branch="false" />
              </lines>
            </method>
            <method name="CopyTo_CopyQueueToArray_ArrayEquivalentExpected" signature="()" line-rate="1" branch-rate="1" complexity="1">
              <lines>
                <line number="133" hits="1" branch="false" />
                <line number="134" hits="1" branch="false" />
                <line number="135" hits="1" branch="false" />
                <line number="136" hits="1" branch="false" />
                <line number="138" hits="1" branch="false" />
                <line number="140" hits="1" branch="false" />
                <line number="141" hits="1" branch="false" />
              </lines>
            </method>
            <method name="CopyTo_CopyQueueToArrayButQueueIsEmpty_ArgumentNullException" signature="()" line-rate="1" branch-rate="1" complexity="1">
              <lines>
                <line number="145" hits="1" branch="false" />
                <line number="146" hits="1" branch="false" />
                <line number="147" hits="1" branch="false" />
                <line number="149" hits="2" branch="false" />
                <line number="151" hits="1" branch="false" />
                <line number="152" hits="1" branch="false" />
                <line number="153" hits="1" branch="false" />
                <line number="154" hits="1" branch="false" />
              </lines>
            </method>
            <method name="CopyTo_CopyQueueToArrayButArrayNull_ArgumentNullException" signature="()" line-rate="1" branch-rate="1" complexity="1">
              <lines>
                <line number="158" hits="1" branch="false" />
                <line number="159" hits="1" branch="false" />
                <line number="160" hits="1" branch="false" />
                <line number="162" hits="2" branch="false" />
                <line number="164" hits="1" branch="false" />
                <line number="165" hits="1" branch="false" />
                <line number="166" hits="1" branch="false" />
                <line number="167" hits="1" branch="false" />
              </lines>
            </method>
            <method name="CopyTo_CopyQueueToArrayButIndexLessZero_ArgumentOutOfRangeException" signature="()" line-rate="1" branch-rate="1" complexity="1">
              <lines>
                <line number="171" hits="1" branch="false" />
                <line number="172" hits="1" branch="false" />
                <line number="173" hits="1" branch="false" />
                <line number="175" hits="2" branch="false" />
                <line number="177" hits="1" branch="false" />
                <line number="178" hits="1" branch="false" />
                <line number="179" hits="1" branch="false" />
                <line number="180" hits="1" branch="false" />
              </lines>
            </method>
            <method name="CopyTo_CopyQueueToArrayButArrayLengthLessThanCount_ArgumentOutOfRangeException" signature="()" line-rate="1" branch-rate="1" complexity="1">
              <lines>
                <line number="184" hits="1" branch="false" />
                <line number="185" hits="1" branch="false" />
                <line number="186" hits="1" branch="false" />
                <line number="188" hits="2" branch="false" />
                <line number="190" hits="1" branch="false" />
                <line number="191" hits="1" branch="false" />
                <line number="192" hits="1" branch="false" />
                <line number="193" hits="1" branch="false" />
              </lines>
            </method>
            <method name="GetEnumerator" signature="()" line-rate="1" branch-rate="1" complexity="2">
              <lines>
                <line number="198" hits="1" branch="false" />
                <line number="199" hits="1" branch="false" />
                <line number="201" hits="19" branch="true" condition-coverage="100% (2/2)" />
                <line number="202" hits="1" branch="false" />
              </lines>
            </method>
            <method name="IEnumerableGetEnumerator" signature="()" line-rate="1" branch-rate="1" complexity="2">
              <lines>
                <line number="206" hits="1" branch="false" />
                <line number="207" hits="1" branch="false" />
                <line number="209" hits="19" branch="true" condition-coverage="100% (2/2)" />
                <line number="210" hits="1" branch="false" />
              </lines>
            </method>
            <method name="Enqueue_AddElement_TailEqualsNodeValue" signature="()" line-rate="1" branch-rate="1" complexity="1">
              <lines>
                <line number="214" hits="1" branch="false" />
                <line number="215" hits="1" branch="false" />
                <line number="216" hits="1" branch="false" />
                <line number="218" hits="1" branch="false" />
                <line number="219" hits="1" branch="false" />
                <line number="221" hits="1" branch="false" />
                <line number="222" hits="1" branch="false" />
              </lines>
            </method>
            <method name="Enqueue_AddQueueNode_TailEqualsNodeValue" signature="()" line-rate="1" branch-rate="1" complexity="1">
              <lines>
                <line number="226" hits="1" branch="false" />
                <line number="227" hits="1" branch="false" />
                <line number="228" hits="1" branch="false" />
                <line number="229" hits="1" branch="false" />
                <line number="231" hits="1" branch="false" />
                <line number="232" hits="1" branch="false" />
                <line number="234" hits="1" branch="false" />
                <line number="235" hits="1" branch="false" />
              </lines>
            </method>
            <method name="Enqueue_AddQueueNodeButQueueIsEmpty_TailEqualsNodeValue" signature="()" line-rate="1" branch-rate="1" complexity="1">
              <lines>
                <line number="239" hits="1" branch="false" />
                <line number="240" hits="1" branch="false" />
                <line number="241" hits="1" branch="false" />
                <line number="242" hits="1" branch="false" />
                <line number="244" hits="1" branch="false" />
                <line number="245" hits="1" branch="false" />
                <line number="247" hits="1" branch="false" />
                <line number="248" hits="1" branch="false" />
              </lines>
            </method>
            <method name="Enqueue_AddQueueNodeButQueueNodeNull_ArgumentNullException" signature="()" line-rate="1" branch-rate="1" complexity="1">
              <lines>
                <line number="252" hits="1" branch="false" />
                <line number="253" hits="1" branch="false" />
                <line number="254" hits="1" branch="false" />
                <line number="256" hits="2" branch="false" />
                <line number="258" hits="1" branch="false" />
                <line number="259" hits="1" branch="false" />
                <line number="260" hits="1" branch="false" />
                <line number="261" hits="1" branch="false" />
              </lines>
            </method>
            <method name="Dequeue_DeletingFirstElement_ReturnEqualsDeleted" signature="()" line-rate="1" branch-rate="1" complexity="1">
              <lines>
                <line number="265" hits="1" branch="false" />
                <line number="266" hits="1" branch="false" />
                <line number="267" hits="1" branch="false" />
                <line number="269" hits="1" branch="false" />
                <line number="271" hits="1" branch="false" />
                <line number="272" hits="1" branch="false" />
              </lines>
            </method>
            <method name="Dequeue_DeletingFirstElement_NextEqualsHead" signature="()" line-rate="1" branch-rate="1" complexity="1">
              <lines>
                <line number="276" hits="1" branch="false" />
                <line number="277" hits="1" branch="false" />
                <line number="278" hits="1" branch="false" />
                <line number="279" hits="1" branch="false" />
                <line number="281" hits="1" branch="false" />
                <line number="282" hits="1" branch="false" />
                <line number="284" hits="1" branch="false" />
                <line number="285" hits="1" branch="false" />
              </lines>
            </method>
            <method name="Dequeue_DeletingFirstElementButQueueIsEmpty_InvalidOperationException" signature="()" line-rate="1" branch-rate="1" complexity="1">
              <lines>
                <line number="289" hits="1" branch="false" />
                <line number="290" hits="1" branch="false" />
                <line number="292" hits="2" branch="false" />
                <line number="294" hits="1" branch="false" />
                <line number="295" hits="1" branch="false" />
              </lines>
            </method>
            <method name="Peek_PeekElementOfQueue_PeekEuqualsToLast" signature="()" line-rate="1" branch-rate="1" complexity="1">
              <lines>
                <line number="299" hits="1" branch="false" />
                <line number="300" hits="1" branch="false" />
                <line number="301" hits="1" branch="false" />
                <line number="303" hits="1" branch="false" />
                <line number="305" hits="1" branch="false" />
                <line number="306" hits="1" branch="false" />
              </lines>
            </method>
            <method name="Peek_PeekWhenQueueIsEmpty_InvalidOperationException" signature="()" line-rate="1" branch-rate="1" complexity="1">
              <lines>
                <line number="310" hits="1" branch="false" />
                <line number="311" hits="1" branch="false" />
                <line number="313" hits="2" branch="false" />
                <line number="315" hits="1" branch="false" />
                <line number="316" hits="1" branch="false" />
              </lines>
            </method>
            <method name="Clear_CleringQueue_QueueIsEmptyAndCount0" signature="()" line-rate="1" branch-rate="1" complexity="1">
              <lines>
                <line number="320" hits="1" branch="false" />
                <line number="321" hits="1" branch="false" />
                <line number="322" hits="1" branch="false" />
                <line number="324" hits="1" branch="false" />
                <line number="326" hits="1" branch="false" />
                <line number="327" hits="1" branch="false" />
                <line number="328" hits="1" branch="false" />
                <line number="329" hits="1" branch="false" />
              </lines>
            </method>
            <method name="Contains_CheckIfQueueContainsElement_TrueExpected" signature="()" line-rate="1" branch-rate="1" complexity="1">
              <lines>
                <line number="333" hits="1" branch="false" />
                <line number="334" hits="1" branch="false" />
                <line number="336" hits="1" branch="false" />
                <line number="338" hits="1" branch="false" />
                <line number="339" hits="1" branch="false" />
              </lines>
            </method>
            <method name="Contains_CheckIfQueueContainsElement_FalseExpected" signature="()" line-rate="1" branch-rate="1" complexity="1">
              <lines>
                <line number="343" hits="1" branch="false" />
                <line number="344" hits="1" branch="false" />
                <line number="346" hits="1" branch="false" />
                <line number="348" hits="1" branch="false" />
                <line number="349" hits="1" branch="false" />
              </lines>
            </method>
            <method name="Contains_CheckIfQueueContainsElementButQueueIsEmpty_ArgumentNullException" signature="()" line-rate="1" branch-rate="1" complexity="1">
              <lines>
                <line number="353" hits="1" branch="false" />
                <line number="354" hits="1" branch="false" />
                <line number="355" hits="1" branch="false" />
                <line number="357" hits="2" branch="false" />
                <line number="359" hits="1" branch="false" />
                <line number="360" hits="1" branch="false" />
                <line number="361" hits="1" branch="false" />
                <line number="362" hits="1" branch="false" />
              </lines>
            </method>
            <method name="QueueNodeConstructor_Previous" signature="()" line-rate="1" branch-rate="1" complexity="1">
              <lines>
                <line number="366" hits="1" branch="false" />
                <line number="367" hits="1" branch="false" />
                <line number="368" hits="1" branch="false" />
                <line number="370" hits="1" branch="false" />
                <line number="371" hits="1" branch="false" />
                <line number="373" hits="1" branch="false" />
                <line number="374" hits="1" branch="false" />
              </lines>
            </method>
            <method name="ToString_StringValueOfNodeValueExpected" signature="()" line-rate="1" branch-rate="1" complexity="1">
              <lines>
                <line number="378" hits="1" branch="false" />
                <line number="379" hits="1" branch="false" />
                <line number="380" hits="1" branch="false" />
                <line number="382" hits="1" branch="false" />
                <line number="384" hits="1" branch="false" />
                <line number="385" hits="1" branch="false" />
              </lines>
            </method>
            <method name="GetHashCode_HashCodeValueOfNodeValueExpected" signature="()" line-rate="1" branch-rate="1" complexity="1">
              <lines>
                <line number="389" hits="1" branch="false" />
                <line number="390" hits="1" branch="false" />
                <line number="391" hits="1" branch="false" />
                <line number="393" hits="1" branch="false" />
                <line number="395" hits="1" branch="false" />
                <line number="396" hits="1" branch="false" />
              </lines>
            </method>
          </methods>
          <lines>
            <line number="18" hits="1" branch="false" />
            <line number="19" hits="2" branch="false" />
            <line number="21" hits="1" branch="false" />
            <line number="22" hits="1" branch="false" />
            <line number="26" hits="1" branch="false" />
            <line number="27" hits="1" branch="false" />
            <line number="28" hits="1" branch="false" />
            <line number="29" hits="1" branch="false" />
            <line number="30" hits="1" branch="false" />
            <line number="32" hits="1" branch="false" />
            <line number="33" hits="1" branch="false" />
            <line number="37" hits="1" branch="false" />
            <line number="38" hits="1" branch="false" />
            <line number="39" hits="1" branch="false" />
            <line number="40" hits="1" branch="false" />
            <line number="42" hits="2" branch="false" />
            <line number="44" hits="1" branch="false" />
            <line number="45" hits="1" branch="false" />
            <line number="49" hits="1" branch="false" />
            <line number="50" hits="1" branch="false" />
            <line number="51" hits="1" branch="false" />
            <line number="52" hits="1" branch="false" />
            <line number="53" hits="1" branch="false" />
            <line number="55" hits="1" branch="false" />
            <line number="56" hits="1" branch="false" />
            <line number="60" hits="1" branch="false" />
            <line number="61" hits="1" branch="false" />
            <line number="62" hits="1" branch="false" />
            <line number="63" hits="1" branch="false" />
            <line number="64" hits="1" branch="false" />
            <line number="66" hits="2" branch="false" />
            <line number="68" hits="1" branch="false" />
            <line number="69" hits="1" branch="false" />
            <line number="73" hits="1" branch="false" />
            <line number="74" hits="1" branch="false" />
            <line number="75" hits="1" branch="false" />
            <line number="76" hits="1" branch="false" />
            <line number="78" hits="1" branch="false" />
            <line number="80" hits="1" branch="false" />
            <line number="81" hits="1" branch="false" />
            <line number="82" hits="1" branch="false" />
            <line number="83" hits="2" branch="false" />
            <line number="87" hits="1" branch="false" />
            <line number="88" hits="1" branch="false" />
            <line number="89" hits="1" branch="false" />
            <line number="90" hits="1" branch="false" />
            <line number="92" hits="1" branch="false" />
            <line number="94" hits="1" branch="false" />
            <line number="95" hits="1" branch="false" />
            <line number="96" hits="1" branch="false" />
            <line number="97" hits="2" branch="false" />
            <line number="101" hits="1" branch="false" />
            <line number="102" hits="1" branch="false" />
            <line number="103" hits="1" branch="false" />
            <line number="105" hits="1" branch="false" />
            <line number="107" hits="1" branch="false" />
            <line number="108" hits="2" branch="false" />
            <line number="112" hits="1" branch="false" />
            <line number="113" hits="1" branch="false" />
            <line number="115" hits="1" branch="false" />
            <line number="117" hits="1" branch="false" />
            <line number="118" hits="1" branch="false" />
            <line number="122" hits="1" branch="false" />
            <line number="123" hits="1" branch="false" />
            <line number="124" hits="1" branch="false" />
            <line number="126" hits="1" branch="false" />
            <line number="128" hits="1" branch="false" />
            <line number="129" hits="1" branch="false" />
            <line number="133" hits="1" branch="false" />
            <line number="134" hits="1" branch="false" />
            <line number="135" hits="1" branch="false" />
            <line number="136" hits="1" branch="false" />
            <line number="138" hits="1" branch="false" />
            <line number="140" hits="1" branch="false" />
            <line number="141" hits="1" branch="false" />
            <line number="145" hits="1" branch="false" />
            <line number="146" hits="1" branch="false" />
            <line number="147" hits="1" branch="false" />
            <line number="149" hits="2" branch="false" />
            <line number="151" hits="1" branch="false" />
            <line number="152" hits="1" branch="false" />
            <line number="153" hits="1" branch="false" />
            <line number="154" hits="1" branch="false" />
            <line number="158" hits="1" branch="false" />
            <line number="159" hits="1" branch="false" />
            <line number="160" hits="1" branch="false" />
            <line number="162" hits="2" branch="false" />
            <line number="164" hits="1" branch="false" />
            <line number="165" hits="1" branch="false" />
            <line number="166" hits="1" branch="false" />
            <line number="167" hits="1" branch="false" />
            <line number="171" hits="1" branch="false" />
            <line number="172" hits="1" branch="false" />
            <line number="173" hits="1" branch="false" />
            <line number="175" hits="2" branch="false" />
            <line number="177" hits="1" branch="false" />
            <line number="178" hits="1" branch="false" />
            <line number="179" hits="1" branch="false" />
            <line number="180" hits="1" branch="false" />
            <line number="184" hits="1" branch="false" />
            <line number="185" hits="1" branch="false" />
            <line number="186" hits="1" branch="false" />
            <line number="188" hits="2" branch="false" />
            <line number="190" hits="1" branch="false" />
            <line number="191" hits="1" branch="false" />
            <line number="192" hits="1" branch="false" />
            <line number="193" hits="1" branch="false" />
            <line number="198" hits="1" branch="false" />
            <line number="199" hits="1" branch="false" />
            <line number="201" hits="19" branch="true" condition-coverage="100% (2/2)" />
            <line number="202" hits="1" branch="false" />
            <line number="206" hits="1" branch="false" />
            <line number="207" hits="1" branch="false" />
            <line number="209" hits="19" branch="true" condition-coverage="100% (2/2)" />
            <line number="210" hits="1" branch="false" />
            <line number="214" hits="1" branch="false" />
            <line number="215" hits="1" branch="false" />
            <line number="216" hits="1" branch="false" />
            <line number="218" hits="1" branch="false" />
            <line number="219" hits="1" branch="false" />
            <line number="221" hits="1" branch="false" />
            <line number="222" hits="1" branch="false" />
            <line number="226" hits="1" branch="false" />
            <line number="227" hits="1" branch="false" />
            <line number="228" hits="1" branch="false" />
            <line number="229" hits="1" branch="false" />
            <line number="231" hits="1" branch="false" />
            <line number="232" hits="1" branch="false" />
            <line number="234" hits="1" branch="false" />
            <line number="235" hits="1" branch="false" />
            <line number="239" hits="1" branch="false" />
            <line number="240" hits="1" branch="false" />
            <line number="241" hits="1" branch="false" />
            <line number="242" hits="1" branch="false" />
            <line number="244" hits="1" branch="false" />
            <line number="245" hits="1" branch="false" />
            <line number="247" hits="1" branch="false" />
            <line number="248" hits="1" branch="false" />
            <line number="252" hits="1" branch="false" />
            <line number="253" hits="1" branch="false" />
            <line number="254" hits="1" branch="false" />
            <line number="256" hits="2" branch="false" />
            <line number="258" hits="1" branch="false" />
            <line number="259" hits="1" branch="false" />
            <line number="260" hits="1" branch="false" />
            <line number="261" hits="1" branch="false" />
            <line number="265" hits="1" branch="false" />
            <line number="266" hits="1" branch="false" />
            <line number="267" hits="1" branch="false" />
            <line number="269" hits="1" branch="false" />
            <line number="271" hits="1" branch="false" />
            <line number="272" hits="1" branch="false" />
            <line number="276" hits="1" branch="false" />
            <line number="277" hits="1" branch="false" />
            <line number="278" hits="1" branch="false" />
            <line number="279" hits="1" branch="false" />
            <line number="281" hits="1" branch="false" />
            <line number="282" hits="1" branch="false" />
            <line number="284" hits="1" branch="false" />
            <line number="285" hits="1" branch="false" />
            <line number="289" hits="1" branch="false" />
            <line number="290" hits="1" branch="false" />
            <line number="292" hits="2" branch="false" />
            <line number="294" hits="1" branch="false" />
            <line number="295" hits="1" branch="false" />
            <line number="299" hits="1" branch="false" />
            <line number="300" hits="1" branch="false" />
            <line number="301" hits="1" branch="false" />
            <line number="303" hits="1" branch="false" />
            <line number="305" hits="1" branch="false" />
            <line number="306" hits="1" branch="false" />
            <line number="310" hits="1" branch="false" />
            <line number="311" hits="1" branch="false" />
            <line number="313" hits="2" branch="false" />
            <line number="315" hits="1" branch="false" />
            <line number="316" hits="1" branch="false" />
            <line number="320" hits="1" branch="false" />
            <line number="321" hits="1" branch="false" />
            <line number="322" hits="1" branch="false" />
            <line number="324" hits="1" branch="false" />
            <line number="326" hits="1" branch="false" />
            <line number="327" hits="1" branch="false" />
            <line number="328" hits="1" branch="false" />
            <line number="329" hits="1" branch="false" />
            <line number="333" hits="1" branch="false" />
            <line number="334" hits="1" branch="false" />
            <line number="336" hits="1" branch="false" />
            <line number="338" hits="1" branch="false" />
            <line number="339" hits="1" branch="false" />
            <line number="343" hits="1" branch="false" />
            <line number="344" hits="1" branch="false" />
            <line number="346" hits="1" branch="false" />
            <line number="348" hits="1" branch="false" />
            <line number="349" hits="1" branch="false" />
            <line number="353" hits="1" branch="false" />
            <line number="354" hits="1" branch="false" />
            <line number="355" hits="1" branch="false" />
            <line number="357" hits="2" branch="false" />
            <line number="359" hits="1" branch="false" />
            <line number="360" hits="1" branch="false" />
            <line number="361" hits="1" branch="false" />
            <line number="362" hits="1" branch="false" />
            <line number="366" hits="1" branch="false" />
            <line number="367" hits="1" branch="false" />
            <line number="368" hits="1" branch="false" />
            <line number="370" hits="1" branch="false" />
            <line number="371" hits="1" branch="false" />
            <line number="373" hits="1" branch="false" />
            <line number="374" hits="1" branch="false" />
            <line number="378" hits="1" branch="false" />
            <line number="379" hits="1" branch="false" />
            <line number="380" hits="1" branch="false" />
            <line number="382" hits="1" branch="false" />
            <line number="384" hits="1" branch="false" />
            <line number="385" hits="1" branch="false" />
            <line number="389" hits="1" branch="false" />
            <line number="390" hits="1" branch="false" />
            <line number="391" hits="1" branch="false" />
            <line number="393" hits="1" branch="false" />
            <line number="395" hits="1" branch="false" />
            <line number="396" hits="1" branch="false" />
          </lines>
        </class>
      </classes>
    </package>
  </packages>
</coverage>